0 info it worked if it ends with ok
1 verbose cli [ '/usr/bin/nodejs', '/usr/bin/npm', 'run', 'start' ]
2 info using npm@3.10.3
3 info using node@v6.6.0
4 verbose run-script [ 'prestart', 'start', 'poststart' ]
5 info lifecycle teacherjobs3.0@1.0.0~prestart: teacherjobs3.0@1.0.0
6 silly lifecycle teacherjobs3.0@1.0.0~prestart: no script for prestart, continuing
7 info lifecycle teacherjobs3.0@1.0.0~start: teacherjobs3.0@1.0.0
8 verbose lifecycle teacherjobs3.0@1.0.0~start: unsafe-perm in lifecycle true
9 verbose lifecycle teacherjobs3.0@1.0.0~start: PATH: /usr/lib/node_modules/npm/bin/node-gyp-bin:/home/sims05/Desktop/teacherjobs3.0/node_modules/.bin:/usr/bin:/usr/local/heroku/bin:/home/sims05/bin:/home/sims05/.local/bin:/usr/local/heroku/bin:/home/sims05/bin:/home/sims05/.local/bin:/usr/local/sbin:/usr/local/bin:/usr/sbin:/usr/bin:/sbin:/bin:/usr/games:/usr/local/games:/snap/bin:/usr/lib/jvm/java-8-oracle/bin:/usr/lib/jvm/java-8-oracle/db/bin:/usr/lib/jvm/java-8-oracle/jre/bin:/snap/bin:/usr/lib/jvm/java-8-oracle/bin:/usr/lib/jvm/java-8-oracle/db/bin:/usr/lib/jvm/java-8-oracle/jre/bin
10 verbose lifecycle teacherjobs3.0@1.0.0~start: CWD: /home/sims05/Desktop/teacherjobs3.0
11 silly lifecycle teacherjobs3.0@1.0.0~start: Args: [ '-c', 'node server.js' ]
12 silly lifecycle teacherjobs3.0@1.0.0~start: Returned: code: 1  signal: null
13 info lifecycle teacherjobs3.0@1.0.0~start: Failed to exec start script
14 verbose stack Error: teacherjobs3.0@1.0.0 start: `node server.js`
14 verbose stack Exit status 1
14 verbose stack     at EventEmitter.<anonymous> (/usr/lib/node_modules/npm/lib/utils/lifecycle.js:242:16)
14 verbose stack     at emitTwo (events.js:106:13)
14 verbose stack     at EventEmitter.emit (events.js:191:7)
14 verbose stack     at ChildProcess.<anonymous> (/usr/lib/node_modules/npm/lib/utils/spawn.js:40:14)
14 verbose stack     at emitTwo (events.js:106:13)
14 verbose stack     at ChildProcess.emit (events.js:191:7)
14 verbose stack     at maybeClose (internal/child_process.js:877:16)
14 verbose stack     at Process.ChildProcess._handle.onexit (internal/child_process.js:226:5)
15 verbose pkgid teacherjobs3.0@1.0.0
16 verbose cwd /home/sims05/Desktop/teacherjobs3.0
17 error Linux 4.4.0-71-generic
18 error argv "/usr/bin/nodejs" "/usr/bin/npm" "run" "start"
19 error node v6.6.0
20 error npm  v3.10.3
21 error code ELIFECYCLE
22 error teacherjobs3.0@1.0.0 start: `node server.js`
22 error Exit status 1
23 error Failed at the teacherjobs3.0@1.0.0 start script 'node server.js'.
23 error Make sure you have the latest version of node.js and npm installed.
23 error If you do, this is most likely a problem with the teacherjobs3.0 package,
23 error not with npm itself.
23 error Tell the author that this fails on your system:
23 error     node server.js
23 error You can get information on how to open an issue for this project with:
23 error     npm bugs teacherjobs3.0
23 error Or if that isn't available, you can get their info via:
23 error     npm owner ls teacherjobs3.0
23 error There is likely additional logging output above.
24 verbose exit [ 1, true ]
